# JRE version: OpenJDK Runtime Environment (8.0_152-b01) (build 1.8.0_152-release-1343-b01)
# Java VM: OpenJDK 64-Bit Server VM (25.152-b01 mixed mode windows-amd64 compressed oops)
Heap:
 PSYoungGen      total 231424K, used 209097K [0x00000000e0000000, 0x00000000f0700000, 0x0000000100000000)
  eden space 205824K, 98% used [0x00000000e0000000,0x00000000ec58bd48,0x00000000ec900000)
  from space 25600K, 26% used [0x00000000eee00000,0x00000000ef4a6768,0x00000000f0700000)
  to   space 31744K, 0% used [0x00000000ec900000,0x00000000ec900000,0x00000000ee800000)
 ParOldGen       total 132608K, used 76448K [0x00000000a0000000, 0x00000000a8180000, 0x00000000e0000000)
  object space 132608K, 57% used [0x00000000a0000000,0x00000000a4aa80f8,0x00000000a8180000)
 Metaspace       used 89011K, capacity 92977K, committed 93080K, reserved 1130496K
  class space    used 11605K, capacity 12361K, committed 12440K, reserved 1048576K
GC Heap History (10 events):
Event: 18.023 GC heap before
{Heap before GC invocations=15 (full 3):
 PSYoungGen      total 166400K, used 151552K [0x00000000e0000000, 0x00000000edc80000, 0x0000000100000000)
  eden space 151552K, 100% used [0x00000000e0000000,0x00000000e9400000,0x00000000e9400000)
  from space 14848K, 0% used [0x00000000e9400000,0x00000000e9400000,0x00000000ea280000)
  to   space 19456K, 0% used [0x00000000ec980000,0x00000000ec980000,0x00000000edc80000)
 ParOldGen       total 132608K, used 37663K [0x00000000a0000000, 0x00000000a8180000, 0x00000000e0000000)
  object space 132608K, 28% used [0x00000000a0000000,0x00000000a24c7d30,0x00000000a8180000)
 Metaspace       used 62614K, capacity 64867K, committed 65048K, reserved 1105920K
  class space    used 8444K, capacity 8922K, committed 8984K, reserved 1048576K
Event: 18.044 GC heap after
Heap after GC invocations=15 (full 3):
 PSYoungGen      total 193024K, used 14230K [0x00000000e0000000, 0x00000000ed780000, 0x0000000100000000)
  eden space 178688K, 0% used [0x00000000e0000000,0x00000000e0000000,0x00000000eae80000)
  from space 14336K, 99% used [0x00000000ec980000,0x00000000ed765970,0x00000000ed780000)
  to   space 19968K, 0% used [0x00000000eb080000,0x00000000eb080000,0x00000000ec400000)
 ParOldGen       total 132608K, used 37671K [0x00000000a0000000, 0x00000000a8180000, 0x00000000e0000000)
  object space 132608K, 28% used [0x00000000a0000000,0x00000000a24c9d30,0x00000000a8180000)
 Metaspace       used 62614K, capacity 64867K, committed 65048K, reserved 1105920K
  class space    used 8444K, capacity 8922K, committed 8984K, reserved 1048576K
}
Event: 549.694 GC heap before
{Heap before GC invocations=16 (full 3):
 PSYoungGen      total 193024K, used 192918K [0x00000000e0000000, 0x00000000ed780000, 0x0000000100000000)
  eden space 178688K, 100% used [0x00000000e0000000,0x00000000eae80000,0x00000000eae80000)
  from space 14336K, 99% used [0x00000000ec980000,0x00000000ed765970,0x00000000ed780000)
  to   space 19968K, 0% used [0x00000000eb080000,0x00000000eb080000,0x00000000ec400000)
 ParOldGen       total 132608K, used 37671K [0x00000000a0000000, 0x00000000a8180000, 0x00000000e0000000)
  object space 132608K, 28% used [0x00000000a0000000,0x00000000a24c9d30,0x00000000a8180000)
 Metaspace       used 70173K, capacity 72887K, committed 73112K, reserved 1112064K
  class space    used 9330K, capacity 9874K, committed 9880K, reserved 1048576K
Event: 549.872 GC heap after
Heap after GC invocations=16 (full 3):
 PSYoungGen      total 193024K, used 19960K [0x00000000e0000000, 0x00000000ed600000, 0x0000000100000000)
  eden space 173056K, 0% used [0x00000000e0000000,0x00000000e0000000,0x00000000ea900000)
  from space 19968K, 99% used [0x00000000eb080000,0x00000000ec3fe050,0x00000000ec400000)
  to   space 18432K, 0% used [0x00000000ec400000,0x00000000ec400000,0x00000000ed600000)
 ParOldGen       total 132608K, used 38964K [0x00000000a0000000, 0x00000000a8180000, 0x00000000e0000000)
  object space 132608K, 29% used [0x00000000a0000000,0x00000000a260d070,0x00000000a8180000)
 Metaspace       used 70173K, capacity 72887K, committed 73112K, reserved 1112064K
  class space    used 9330K, capacity 9874K, committed 9880K, reserved 1048576K
}
Event: 556.507 GC heap before
{Heap before GC invocations=17 (full 3):
 PSYoungGen      total 193024K, used 193016K [0x00000000e0000000, 0x00000000ed600000, 0x0000000100000000)
  eden space 173056K, 100% used [0x00000000e0000000,0x00000000ea900000,0x00000000ea900000)
  from space 19968K, 99% used [0x00000000eb080000,0x00000000ec3fe050,0x00000000ec400000)
  to   space 18432K, 0% used [0x00000000ec400000,0x00000000ec400000,0x00000000ed600000)
 ParOldGen       total 132608K, used 38964K [0x00000000a0000000, 0x00000000a8180000, 0x00000000e0000000)
  object space 132608K, 29% used [0x00000000a0000000,0x00000000a260d070,0x00000000a8180000)
 Metaspace       used 76847K, capacity 79675K, committed 79896K, reserved 1118208K
  class space    used 10102K, capacity 10682K, committed 10776K, reserved 1048576K
Event: 556.589 GC heap after
Heap after GC invocations=17 (full 3):
 PSYoungGen      total 194560K, used 17768K [0x00000000e0000000, 0x00000000ef400000, 0x0000000100000000)
  eden space 176128K, 0% used [0x00000000e0000000,0x00000000e0000000,0x00000000eac00000)
  from space 18432K, 96% used [0x00000000ec400000,0x00000000ed55a028,0x00000000ed600000)
  to   space 24576K, 0% used [0x00000000eac00000,0x00000000eac00000,0x00000000ec400000)
 ParOldGen       total 132608K, used 55063K [0x00000000a0000000, 0x00000000a8180000, 0x00000000e0000000)
  object space 132608K, 41% used [0x00000000a0000000,0x00000000a35c5c38,0x00000000a8180000)
 Metaspace       used 76847K, capacity 79675K, committed 79896K, reserved 1118208K
  class space    used 10102K, capacity 10682K, committed 10776K, reserved 1048576K
}
Event: 559.952 GC heap before
{Heap before GC invocations=18 (full 3):
 PSYoungGen      total 194560K, used 193896K [0x00000000e0000000, 0x00000000ef400000, 0x0000000100000000)
  eden space 176128K, 100% used [0x00000000e0000000,0x00000000eac00000,0x00000000eac00000)
  from space 18432K, 96% used [0x00000000ec400000,0x00000000ed55a028,0x00000000ed600000)
  to   space 24576K, 0% used [0x00000000eac00000,0x00000000eac00000,0x00000000ec400000)
 ParOldGen       total 132608K, used 55063K [0x00000000a0000000, 0x00000000a8180000, 0x00000000e0000000)
  object space 132608K, 41% used [0x00000000a0000000,0x00000000a35c5c38,0x00000000a8180000)
 Metaspace       used 85907K, capacity 89605K, committed 89880K, reserved 1126400K
  class space    used 11318K, capacity 12027K, committed 12056K, reserved 1048576K
Event: 560.027 GC heap after
Heap after GC invocations=18 (full 3):
 PSYoungGen      total 200704K, used 24552K [0x00000000e0000000, 0x00000000f0d80000, 0x0000000100000000)
  eden space 176128K, 0% used [0x00000000e0000000,0x00000000e0000000,0x00000000eac00000)
  from space 24576K, 99% used [0x00000000eac00000,0x00000000ec3fa150,0x00000000ec400000)
  to   space 32256K, 0% used [0x00000000eee00000,0x00000000eee00000,0x00000000f0d80000)
 ParOldGen       total 132608K, used 67441K [0x00000000a0000000, 0x00000000a8180000, 0x00000000e0000000)
  object space 132608K, 50% used [0x00000000a0000000,0x00000000a41dc598,0x00000000a8180000)
 Metaspace       used 85907K, capacity 89605K, committed 89880K, reserved 1126400K
  class space    used 11318K, capacity 12027K, committed 12056K, reserved 1048576K
}
Event: 656.609 GC heap before
{Heap before GC invocations=19 (full 3):
 PSYoungGen      total 200704K, used 200680K [0x00000000e0000000, 0x00000000f0d80000, 0x0000000100000000)
  eden space 176128K, 100% used [0x00000000e0000000,0x00000000eac00000,0x00000000eac00000)
  from space 24576K, 99% used [0x00000000eac00000,0x00000000ec3fa150,0x00000000ec400000)
  to   space 32256K, 0% used [0x00000000eee00000,0x00000000eee00000,0x00000000f0d80000)
 ParOldGen       total 132608K, used 67441K [0x00000000a0000000, 0x00000000a8180000, 0x00000000e0000000)
  object space 132608K, 50% used [0x00000000a0000000,0x00000000a41dc598,0x00000000a8180000)
 Metaspace       used 87693K, capacity 91471K, committed 91672K, reserved 1128448K
  class space    used 11500K, capacity 12240K, committed 12312K, reserved 1048576K
Event: 656.743 GC heap after
Heap after GC invocations=19 (full 3):
 PSYoungGen      total 231424K, used 6809K [0x00000000e0000000, 0x00000000f0700000, 0x0000000100000000)
  eden space 205824K, 0% used [0x00000000e0000000,0x00000000e0000000,0x00000000ec900000)
  from space 25600K, 26% used [0x00000000eee00000,0x00000000ef4a6768,0x00000000f0700000)
  to   space 31744K, 0% used [0x00000000ec900000,0x00000000ec900000,0x00000000ee800000)
 ParOldGen       total 132608K, used 76448K [0x00000000a0000000, 0x00000000a8180000, 0x00000000e0000000)
  object space 132608K, 57% used [0x00000000a0000000,0x00000000a4aa80f8,0x00000000a8180000)
 Metaspace       used 87693K, capacity 91471K, committed 91672K, reserved 1128448K
  class space    used 11500K, capacity 12240K, committed 12312K, reserved 1048576K
}

